0 info it worked if it ends with ok
1 verbose cli [ 'C:\\Program Files\\nodejs\\node.exe',
1 verbose cli   'C:\\Program Files\\nodejs\\node_modules\\npm\\bin\\npm-cli.js',
1 verbose cli   'install',
1 verbose cli   'requestify' ]
2 info using npm@3.3.12
3 info using node@v5.1.1
4 silly loadCurrentTree Starting
5 silly install loadCurrentTree
6 silly install readLocalPackageData
7 silly fetchPackageMetaData requestify@^0.1.17
8 silly fetchNamedPackageData requestify
9 silly mapToRegistry name requestify
10 silly mapToRegistry using default registry
11 silly mapToRegistry registry https://registry.npmjs.org/
12 silly mapToRegistry uri https://registry.npmjs.org/requestify
13 verbose request uri https://registry.npmjs.org/requestify
14 verbose request no auth needed
15 info attempt registry request try #1 at 1:58:02 PM
16 verbose request id f4c7a2055f1dc560
17 verbose etag "78TN7AF43K5PA72TETKPCM584"
18 http request GET https://registry.npmjs.org/requestify
19 http 304 https://registry.npmjs.org/requestify
20 verbose headers { date: 'Mon, 28 Dec 2015 21:58:01 GMT',
20 verbose headers   via: '1.1 varnish',
20 verbose headers   'cache-control': 'max-age=300',
20 verbose headers   etag: '"78TN7AF43K5PA72TETKPCM584"',
20 verbose headers   age: '0',
20 verbose headers   connection: 'keep-alive',
20 verbose headers   'x-served-by': 'cache-sjc3127-SJC',
20 verbose headers   'x-cache': 'HIT',
20 verbose headers   'x-cache-hits': '1',
20 verbose headers   'x-timer': 'S1451339881.284217,VS0,VE85',
20 verbose headers   vary: 'Accept' }
21 silly get cb [ 304,
21 silly get   { date: 'Mon, 28 Dec 2015 21:58:01 GMT',
21 silly get     via: '1.1 varnish',
21 silly get     'cache-control': 'max-age=300',
21 silly get     etag: '"78TN7AF43K5PA72TETKPCM584"',
21 silly get     age: '0',
21 silly get     connection: 'keep-alive',
21 silly get     'x-served-by': 'cache-sjc3127-SJC',
21 silly get     'x-cache': 'HIT',
21 silly get     'x-cache-hits': '1',
21 silly get     'x-timer': 'S1451339881.284217,VS0,VE85',
21 silly get     vary: 'Accept' } ]
22 verbose etag https://registry.npmjs.org/requestify from cache
23 verbose get saving requestify to C:\Users\Tyler\AppData\Roaming\npm-cache\registry.npmjs.org\requestify\.cache.json
24 silly install normalizeTree
25 silly loadCurrentTree Finishing
26 silly loadIdealTree Starting
27 silly install loadIdealTree
28 silly cloneCurrentTree Starting
29 silly install cloneCurrentTreeToIdealTree
30 silly cloneCurrentTree Finishing
31 silly loadShrinkwrap Starting
32 silly install loadShrinkwrap
33 silly loadShrinkwrap Finishing
34 silly loadAllDepsIntoIdealTree Starting
35 silly install loadAllDepsIntoIdealTree
36 warn engine requestify@0.1.17: wanted: {"node":"~0.10.x"} (current: {"node":"5.1.1","npm":"3.3.12"})
37 silly resolveWithNewModule requestify@0.1.17 checking installable status
38 warn engine requestify@0.1.17: wanted: {"node":"~0.10.x"} (current: {"node":"5.1.1","npm":"3.3.12"})
39 silly cache add args [ 'requestify@^0.1.17', null ]
40 verbose cache add spec requestify@^0.1.17
41 silly cache add parsed spec Result {
41 silly cache add   raw: 'requestify@^0.1.17',
41 silly cache add   scope: null,
41 silly cache add   name: 'requestify',
41 silly cache add   rawSpec: '^0.1.17',
41 silly cache add   spec: '>=0.1.17 <0.2.0',
41 silly cache add   type: 'range' }
42 silly addNamed requestify@>=0.1.17 <0.2.0
43 verbose addNamed ">=0.1.17 <0.2.0" is a valid semver range for requestify
44 silly addNameRange { name: 'requestify', range: '>=0.1.17 <0.2.0', hasData: false }
45 silly mapToRegistry name requestify
46 silly mapToRegistry using default registry
47 silly mapToRegistry registry https://registry.npmjs.org/
48 silly mapToRegistry uri https://registry.npmjs.org/requestify
49 verbose addNameRange registry:https://registry.npmjs.org/requestify not in flight; fetching
50 verbose get https://registry.npmjs.org/requestify not expired, no request
51 silly addNameRange number 2 { name: 'requestify', range: '>=0.1.17 <0.2.0', hasData: true }
52 silly addNameRange versions [ 'requestify',
52 silly addNameRange   [ '0.1.2',
52 silly addNameRange     '0.1.3',
52 silly addNameRange     '0.1.4',
52 silly addNameRange     '0.1.5',
52 silly addNameRange     '0.1.6',
52 silly addNameRange     '0.1.7',
52 silly addNameRange     '0.1.8',
52 silly addNameRange     '0.1.9',
52 silly addNameRange     '0.1.10',
52 silly addNameRange     '0.1.11',
52 silly addNameRange     '0.1.12',
52 silly addNameRange     '0.1.13',
52 silly addNameRange     '0.1.14',
52 silly addNameRange     '0.1.15',
52 silly addNameRange     '0.1.16',
52 silly addNameRange     '0.1.17' ] ]
53 silly addNamed requestify@0.1.17
54 verbose addNamed "0.1.17" is a plain semver version for requestify
55 silly cache afterAdd requestify@0.1.17
56 verbose afterAdd C:\Users\Tyler\AppData\Roaming\npm-cache\requestify\0.1.17\package\package.json not in flight; writing
57 verbose afterAdd C:\Users\Tyler\AppData\Roaming\npm-cache\requestify\0.1.17\package\package.json written
58 silly fetchNamedPackageData q
59 silly mapToRegistry name q
60 silly mapToRegistry using default registry
61 silly mapToRegistry registry https://registry.npmjs.org/
62 silly mapToRegistry uri https://registry.npmjs.org/q
63 silly fetchNamedPackageData underscore
64 silly mapToRegistry name underscore
65 silly mapToRegistry using default registry
66 silly mapToRegistry registry https://registry.npmjs.org/
67 silly mapToRegistry uri https://registry.npmjs.org/underscore
68 silly fetchNamedPackageData jquery
69 silly mapToRegistry name jquery
70 silly mapToRegistry using default registry
71 silly mapToRegistry registry https://registry.npmjs.org/
72 silly mapToRegistry uri https://registry.npmjs.org/jquery
73 verbose request uri https://registry.npmjs.org/underscore
74 verbose request no auth needed
75 info attempt registry request try #1 at 1:58:02 PM
76 verbose etag "EFDD5CQTW181YVOL282U8VRMC"
77 http request GET https://registry.npmjs.org/underscore
78 verbose request uri https://registry.npmjs.org/jquery
79 verbose request no auth needed
80 info attempt registry request try #1 at 1:58:02 PM
81 verbose etag "BSUOPTAVYCXEBCRZBHV8FRI7X"
82 http request GET https://registry.npmjs.org/jquery
83 verbose request uri https://registry.npmjs.org/q
84 verbose request no auth needed
85 info attempt registry request try #1 at 1:58:02 PM
86 verbose etag "39FYTJMTDIBJ2FSS5WYF5R838"
87 http request GET https://registry.npmjs.org/q
88 http 304 https://registry.npmjs.org/underscore
89 verbose headers { date: 'Mon, 28 Dec 2015 21:58:01 GMT',
89 verbose headers   via: '1.1 varnish',
89 verbose headers   'cache-control': 'max-age=300',
89 verbose headers   etag: '"EFDD5CQTW181YVOL282U8VRMC"',
89 verbose headers   age: '278',
89 verbose headers   connection: 'keep-alive',
89 verbose headers   'x-served-by': 'cache-sjc3123-SJC',
89 verbose headers   'x-cache': 'HIT',
89 verbose headers   'x-cache-hits': '12',
89 verbose headers   'x-timer': 'S1451339881.548264,VS0,VE0',
89 verbose headers   vary: 'Accept' }
90 silly get cb [ 304,
90 silly get   { date: 'Mon, 28 Dec 2015 21:58:01 GMT',
90 silly get     via: '1.1 varnish',
90 silly get     'cache-control': 'max-age=300',
90 silly get     etag: '"EFDD5CQTW181YVOL282U8VRMC"',
90 silly get     age: '278',
90 silly get     connection: 'keep-alive',
90 silly get     'x-served-by': 'cache-sjc3123-SJC',
90 silly get     'x-cache': 'HIT',
90 silly get     'x-cache-hits': '12',
90 silly get     'x-timer': 'S1451339881.548264,VS0,VE0',
90 silly get     vary: 'Accept' } ]
91 verbose etag https://registry.npmjs.org/underscore from cache
92 verbose get saving underscore to C:\Users\Tyler\AppData\Roaming\npm-cache\registry.npmjs.org\underscore\.cache.json
93 silly resolveWithNewModule underscore@1.4.4 checking installable status
94 silly cache add args [ 'underscore@~1.4.4', null ]
95 verbose cache add spec underscore@~1.4.4
96 silly cache add parsed spec Result {
96 silly cache add   raw: 'underscore@~1.4.4',
96 silly cache add   scope: null,
96 silly cache add   name: 'underscore',
96 silly cache add   rawSpec: '~1.4.4',
96 silly cache add   spec: '>=1.4.4 <1.5.0',
96 silly cache add   type: 'range' }
97 silly addNamed underscore@>=1.4.4 <1.5.0
98 verbose addNamed ">=1.4.4 <1.5.0" is a valid semver range for underscore
99 silly addNameRange { name: 'underscore', range: '>=1.4.4 <1.5.0', hasData: false }
100 silly mapToRegistry name underscore
101 silly mapToRegistry using default registry
102 silly mapToRegistry registry https://registry.npmjs.org/
103 silly mapToRegistry uri https://registry.npmjs.org/underscore
104 verbose addNameRange registry:https://registry.npmjs.org/underscore not in flight; fetching
105 verbose get https://registry.npmjs.org/underscore not expired, no request
106 silly addNameRange number 2 { name: 'underscore', range: '>=1.4.4 <1.5.0', hasData: true }
107 silly addNameRange versions [ 'underscore',
107 silly addNameRange   [ '1.0.3',
107 silly addNameRange     '1.0.4',
107 silly addNameRange     '1.1.0',
107 silly addNameRange     '1.1.1',
107 silly addNameRange     '1.1.2',
107 silly addNameRange     '1.1.3',
107 silly addNameRange     '1.1.4',
107 silly addNameRange     '1.1.5',
107 silly addNameRange     '1.1.6',
107 silly addNameRange     '1.1.7',
107 silly addNameRange     '1.2.0',
107 silly addNameRange     '1.2.1',
107 silly addNameRange     '1.2.2',
107 silly addNameRange     '1.2.3',
107 silly addNameRange     '1.2.4',
107 silly addNameRange     '1.3.0',
107 silly addNameRange     '1.3.1',
107 silly addNameRange     '1.3.2',
107 silly addNameRange     '1.3.3',
107 silly addNameRange     '1.4.0',
107 silly addNameRange     '1.4.1',
107 silly addNameRange     '1.4.2',
107 silly addNameRange     '1.4.3',
107 silly addNameRange     '1.4.4',
107 silly addNameRange     '1.5.0',
107 silly addNameRange     '1.5.1',
107 silly addNameRange     '1.5.2',
107 silly addNameRange     '1.6.0',
107 silly addNameRange     '1.7.0',
107 silly addNameRange     '1.8.0',
107 silly addNameRange     '1.8.1',
107 silly addNameRange     '1.8.2',
107 silly addNameRange     '1.8.3' ] ]
108 silly addNamed underscore@1.4.4
109 verbose addNamed "1.4.4" is a plain semver version for underscore
110 http 304 https://registry.npmjs.org/q
111 verbose headers { date: 'Mon, 28 Dec 2015 21:58:01 GMT',
111 verbose headers   via: '1.1 varnish',
111 verbose headers   'cache-control': 'max-age=300',
111 verbose headers   etag: '"39FYTJMTDIBJ2FSS5WYF5R838"',
111 verbose headers   age: '185',
111 verbose headers   connection: 'keep-alive',
111 verbose headers   'x-served-by': 'cache-sjc3135-SJC',
111 verbose headers   'x-cache': 'HIT',
111 verbose headers   'x-cache-hits': '10',
111 verbose headers   'x-timer': 'S1451339881.561880,VS0,VE0',
111 verbose headers   vary: 'Accept' }
112 silly get cb [ 304,
112 silly get   { date: 'Mon, 28 Dec 2015 21:58:01 GMT',
112 silly get     via: '1.1 varnish',
112 silly get     'cache-control': 'max-age=300',
112 silly get     etag: '"39FYTJMTDIBJ2FSS5WYF5R838"',
112 silly get     age: '185',
112 silly get     connection: 'keep-alive',
112 silly get     'x-served-by': 'cache-sjc3135-SJC',
112 silly get     'x-cache': 'HIT',
112 silly get     'x-cache-hits': '10',
112 silly get     'x-timer': 'S1451339881.561880,VS0,VE0',
112 silly get     vary: 'Accept' } ]
113 verbose etag https://registry.npmjs.org/q from cache
114 verbose get saving q to C:\Users\Tyler\AppData\Roaming\npm-cache\registry.npmjs.org\q\.cache.json
115 http 304 https://registry.npmjs.org/jquery
116 verbose headers { date: 'Mon, 28 Dec 2015 21:58:01 GMT',
116 verbose headers   via: '1.1 varnish',
116 verbose headers   'cache-control': 'max-age=300',
116 verbose headers   etag: '"BSUOPTAVYCXEBCRZBHV8FRI7X"',
116 verbose headers   age: '198',
116 verbose headers   connection: 'keep-alive',
116 verbose headers   'x-served-by': 'cache-sjc3127-SJC',
116 verbose headers   'x-cache': 'HIT',
116 verbose headers   'x-cache-hits': '1',
116 verbose headers   'x-timer': 'S1451339881.562026,VS0,VE0',
116 verbose headers   vary: 'Accept' }
117 silly get cb [ 304,
117 silly get   { date: 'Mon, 28 Dec 2015 21:58:01 GMT',
117 silly get     via: '1.1 varnish',
117 silly get     'cache-control': 'max-age=300',
117 silly get     etag: '"BSUOPTAVYCXEBCRZBHV8FRI7X"',
117 silly get     age: '198',
117 silly get     connection: 'keep-alive',
117 silly get     'x-served-by': 'cache-sjc3127-SJC',
117 silly get     'x-cache': 'HIT',
117 silly get     'x-cache-hits': '1',
117 silly get     'x-timer': 'S1451339881.562026,VS0,VE0',
117 silly get     vary: 'Accept' } ]
118 verbose etag https://registry.npmjs.org/jquery from cache
119 verbose get saving jquery to C:\Users\Tyler\AppData\Roaming\npm-cache\registry.npmjs.org\jquery\.cache.json
120 silly cache afterAdd underscore@1.4.4
121 verbose afterAdd C:\Users\Tyler\AppData\Roaming\npm-cache\underscore\1.4.4\package\package.json not in flight; writing
122 verbose afterAdd C:\Users\Tyler\AppData\Roaming\npm-cache\underscore\1.4.4\package\package.json written
123 silly resolveWithNewModule jquery@1.11.3 checking installable status
124 silly cache add args [ 'jquery@~1.11', null ]
125 verbose cache add spec jquery@~1.11
126 silly cache add parsed spec Result {
126 silly cache add   raw: 'jquery@~1.11',
126 silly cache add   scope: null,
126 silly cache add   name: 'jquery',
126 silly cache add   rawSpec: '~1.11',
126 silly cache add   spec: '>=1.11.0 <1.12.0',
126 silly cache add   type: 'range' }
127 silly addNamed jquery@>=1.11.0 <1.12.0
128 verbose addNamed ">=1.11.0 <1.12.0" is a valid semver range for jquery
129 silly addNameRange { name: 'jquery', range: '>=1.11.0 <1.12.0', hasData: false }
130 silly mapToRegistry name jquery
131 silly mapToRegistry using default registry
132 silly mapToRegistry registry https://registry.npmjs.org/
133 silly mapToRegistry uri https://registry.npmjs.org/jquery
134 verbose addNameRange registry:https://registry.npmjs.org/jquery not in flight; fetching
135 silly resolveWithNewModule q@0.9.7 checking installable status
136 silly cache add args [ 'q@~0.9.3', null ]
137 verbose cache add spec q@~0.9.3
138 silly cache add parsed spec Result {
138 silly cache add   raw: 'q@~0.9.3',
138 silly cache add   scope: null,
138 silly cache add   name: 'q',
138 silly cache add   rawSpec: '~0.9.3',
138 silly cache add   spec: '>=0.9.3 <0.10.0',
138 silly cache add   type: 'range' }
139 silly addNamed q@>=0.9.3 <0.10.0
140 verbose addNamed ">=0.9.3 <0.10.0" is a valid semver range for q
141 silly addNameRange { name: 'q', range: '>=0.9.3 <0.10.0', hasData: false }
142 silly mapToRegistry name q
143 silly mapToRegistry using default registry
144 silly mapToRegistry registry https://registry.npmjs.org/
145 silly mapToRegistry uri https://registry.npmjs.org/q
146 verbose addNameRange registry:https://registry.npmjs.org/q not in flight; fetching
147 verbose get https://registry.npmjs.org/jquery not expired, no request
148 silly addNameRange number 2 { name: 'jquery', range: '>=1.11.0 <1.12.0', hasData: true }
149 silly addNameRange versions [ 'jquery',
149 silly addNameRange   [ '1.5.1',
149 silly addNameRange     '1.6.2',
149 silly addNameRange     '1.6.3',
149 silly addNameRange     '1.7.2',
149 silly addNameRange     '1.7.3',
149 silly addNameRange     '1.8.2',
149 silly addNameRange     '1.8.3',
149 silly addNameRange     '2.1.0-beta2',
149 silly addNameRange     '2.1.0-beta3',
149 silly addNameRange     '1.11.0-beta3',
149 silly addNameRange     '1.11.0-rc1',
149 silly addNameRange     '2.1.0-rc1',
149 silly addNameRange     '1.11.0',
149 silly addNameRange     '2.1.0',
149 silly addNameRange     '2.1.1-beta1',
149 silly addNameRange     '1.11.1-beta1',
149 silly addNameRange     '2.1.1-rc1',
149 silly addNameRange     '1.11.1-rc1',
149 silly addNameRange     '2.1.1-rc2',
149 silly addNameRange     '1.11.1-rc2',
149 silly addNameRange     '2.1.1',
149 silly addNameRange     '1.11.1',
149 silly addNameRange     '1.9.1',
149 silly addNameRange     '2.1.2',
149 silly addNameRange     '1.11.2',
149 silly addNameRange     '2.1.3',
149 silly addNameRange     '2.1.4',
149 silly addNameRange     '1.11.3',
149 silly addNameRange     '3.0.0-alpha1' ] ]
150 silly addNamed jquery@1.11.3
151 verbose addNamed "1.11.3" is a plain semver version for jquery
152 verbose get https://registry.npmjs.org/q not expired, no request
153 silly addNameRange number 2 { name: 'q', range: '>=0.9.3 <0.10.0', hasData: true }
154 silly addNameRange versions [ 'q',
154 silly addNameRange   [ '0.0.0',
154 silly addNameRange     '0.0.1',
154 silly addNameRange     '0.0.2',
154 silly addNameRange     '0.0.3',
154 silly addNameRange     '0.1.0',
154 silly addNameRange     '0.1.1',
154 silly addNameRange     '0.1.2',
154 silly addNameRange     '0.1.3',
154 silly addNameRange     '0.1.4',
154 silly addNameRange     '0.1.5',
154 silly addNameRange     '0.1.6',
154 silly addNameRange     '0.1.7',
154 silly addNameRange     '0.1.8',
154 silly addNameRange     '0.1.9',
154 silly addNameRange     '0.2.0-rc1',
154 silly addNameRange     '0.2.0',
154 silly addNameRange     '0.2.1',
154 silly addNameRange     '0.2.2',
154 silly addNameRange     '0.2.3',
154 silly addNameRange     '0.2.4',
154 silly addNameRange     '0.2.5',
154 silly addNameRange     '0.2.6',
154 silly addNameRange     '0.2.7',
154 silly addNameRange     '0.2.8',
154 silly addNameRange     '0.2.9',
154 silly addNameRange     '0.3.0',
154 silly addNameRange     '0.2.10',
154 silly addNameRange     '0.4.0',
154 silly addNameRange     '0.4.1',
154 silly addNameRange     '0.4.2',
154 silly addNameRange     '0.4.4',
154 silly addNameRange     '0.5.0',
154 silly addNameRange     '0.5.1',
154 silly addNameRange     '0.5.2',
154 silly addNameRange     '0.5.3',
154 silly addNameRange     '0.6.0',
154 silly addNameRange     '0.7.0',
154 silly addNameRange     '0.7.1',
154 silly addNameRange     '0.7.2',
154 silly addNameRange     '0.8.0',
154 silly addNameRange     '0.8.1',
154 silly addNameRange     '0.8.2',
154 silly addNameRange     '0.8.3',
154 silly addNameRange     '0.8.4',
154 silly addNameRange     '0.8.5',
154 silly addNameRange     '0.8.6',
154 silly addNameRange     '0.8.7',
154 silly addNameRange     '0.8.8',
154 silly addNameRange     '0.8.9',
154 silly addNameRange     '0.8.10',
154 silly addNameRange     '0.8.11',
154 silly addNameRange     '0.8.12',
154 silly addNameRange     '0.9.0',
154 silly addNameRange     '0.9.1',
154 silly addNameRange     '0.9.2',
154 silly addNameRange     '0.9.3',
154 silly addNameRange     '0.9.4',
154 silly addNameRange     '0.9.5',
154 silly addNameRange     '0.9.6',
154 silly addNameRange     '0.9.7',
154 silly addNameRange     '1.0.0',
154 silly addNameRange     '1.0.1',
154 silly addNameRange     '2.0.0',
154 silly addNameRange     '2.0.1',
154 silly addNameRange     '2.0.2',
154 silly addNameRange     '1.1.0',
154 silly addNameRange     '1.1.1',
154 silly addNameRange     '1.1.2',
154 silly addNameRange     '2.0.3',
154 silly addNameRange     '1.2.0',
154 silly addNameRange     '1.2.1',
154 silly addNameRange     '1.3.0',
154 silly addNameRange     '1.4.0',
154 silly addNameRange     '1.4.1' ] ]
155 silly addNamed q@0.9.7
156 verbose addNamed "0.9.7" is a plain semver version for q
157 silly cache afterAdd jquery@1.11.3
158 verbose afterAdd C:\Users\Tyler\AppData\Roaming\npm-cache\jquery\1.11.3\package\package.json not in flight; writing
159 silly cache afterAdd q@0.9.7
160 verbose afterAdd C:\Users\Tyler\AppData\Roaming\npm-cache\q\0.9.7\package\package.json not in flight; writing
161 verbose afterAdd C:\Users\Tyler\AppData\Roaming\npm-cache\q\0.9.7\package\package.json written
162 verbose afterAdd C:\Users\Tyler\AppData\Roaming\npm-cache\jquery\1.11.3\package\package.json written
163 silly loadAllDepsIntoIdealTree Finishing
164 silly idealTree:prePrune test@1.0.0
164 silly idealTree:prePrune ├── accepts@1.2.13
164 silly idealTree:prePrune ├── array-flatten@1.1.1
164 silly idealTree:prePrune ├── assert@1.3.0
164 silly idealTree:prePrune ├─┬ body-parser@1.14.1
164 silly idealTree:prePrune │ ├── depd@1.1.0
164 silly idealTree:prePrune │ └── qs@5.1.0
164 silly idealTree:prePrune ├── bson@0.4.20
164 silly idealTree:prePrune ├── bytes@2.1.0
164 silly idealTree:prePrune ├── content-disposition@0.5.0
164 silly idealTree:prePrune ├── content-type@1.0.1
164 silly idealTree:prePrune ├── cookie-signature@1.0.6
164 silly idealTree:prePrune ├── cookie@0.1.3
164 silly idealTree:prePrune ├── core-util-is@1.0.2
164 silly idealTree:prePrune ├── debug@2.2.0
164 silly idealTree:prePrune ├── depd@1.0.1
164 silly idealTree:prePrune ├── desktop.ini
164 silly idealTree:prePrune ├── destroy@1.0.3
164 silly idealTree:prePrune ├── ee-first@1.1.1
164 silly idealTree:prePrune ├── es6-promise@2.1.1
164 silly idealTree:prePrune ├── escape-html@1.0.2
164 silly idealTree:prePrune ├── etag@1.7.0
164 silly idealTree:prePrune ├── express@4.13.3
164 silly idealTree:prePrune ├── finalhandler@0.4.0
164 silly idealTree:prePrune ├── forwarded@0.1.0
164 silly idealTree:prePrune ├── fresh@0.3.0
164 silly idealTree:prePrune ├── http-errors@1.3.1
164 silly idealTree:prePrune ├── iconv-lite@0.4.12
164 silly idealTree:prePrune ├── inherits@2.0.1
164 silly idealTree:prePrune ├── ipaddr.js@1.0.4
164 silly idealTree:prePrune ├── isarray@0.0.1
164 silly idealTree:prePrune ├── jquery@1.11.3
164 silly idealTree:prePrune ├── media-typer@0.3.0
164 silly idealTree:prePrune ├── merge-descriptors@1.0.0
164 silly idealTree:prePrune ├── methods@1.1.1
164 silly idealTree:prePrune ├── mime-db@1.20.0
164 silly idealTree:prePrune ├── mime-types@2.1.8
164 silly idealTree:prePrune ├── mime@1.3.4
164 silly idealTree:prePrune ├── mongodb-core@1.2.28
164 silly idealTree:prePrune ├── mongodb@2.0.52
164 silly idealTree:prePrune ├── ms@0.7.1
164 silly idealTree:prePrune ├── negotiator@0.5.3
164 silly idealTree:prePrune ├── on-finished@2.3.0
164 silly idealTree:prePrune ├── parseurl@1.3.0
164 silly idealTree:prePrune ├── path-to-regexp@0.1.7
164 silly idealTree:prePrune ├── proxy-addr@1.0.9
164 silly idealTree:prePrune ├── q@0.9.7
164 silly idealTree:prePrune ├── qs@4.0.0
164 silly idealTree:prePrune ├── range-parser@1.0.3
164 silly idealTree:prePrune ├─┬ raw-body@2.1.5
164 silly idealTree:prePrune │ ├── bytes@2.2.0
164 silly idealTree:prePrune │ └── iconv-lite@0.4.13
164 silly idealTree:prePrune ├── readable-stream@1.0.31
164 silly idealTree:prePrune ├── requestify@0.1.17
164 silly idealTree:prePrune ├── send@0.13.0
164 silly idealTree:prePrune ├── serve-static@1.10.0
164 silly idealTree:prePrune ├── statuses@1.2.1
164 silly idealTree:prePrune ├── string_decoder@0.10.31
164 silly idealTree:prePrune ├── type-is@1.6.10
164 silly idealTree:prePrune ├── underscore@1.4.4
164 silly idealTree:prePrune ├── unpipe@1.0.0
164 silly idealTree:prePrune ├── util@0.10.3
164 silly idealTree:prePrune ├── utils-merge@1.0.0
164 silly idealTree:prePrune └── vary@1.0.1
165 silly loadIdealTree Finishing
166 silly currentTree test@1.0.0
166 silly currentTree ├── accepts@1.2.13
166 silly currentTree ├── array-flatten@1.1.1
166 silly currentTree ├── assert@1.3.0
166 silly currentTree ├─┬ body-parser@1.14.1
166 silly currentTree │ ├── depd@1.1.0
166 silly currentTree │ └── qs@5.1.0
166 silly currentTree ├── bson@0.4.20
166 silly currentTree ├── bytes@2.1.0
166 silly currentTree ├── content-disposition@0.5.0
166 silly currentTree ├── content-type@1.0.1
166 silly currentTree ├── cookie-signature@1.0.6
166 silly currentTree ├── cookie@0.1.3
166 silly currentTree ├── core-util-is@1.0.2
166 silly currentTree ├── debug@2.2.0
166 silly currentTree ├── depd@1.0.1
166 silly currentTree ├── desktop.ini
166 silly currentTree ├── destroy@1.0.3
166 silly currentTree ├── ee-first@1.1.1
166 silly currentTree ├── es6-promise@2.1.1
166 silly currentTree ├── escape-html@1.0.2
166 silly currentTree ├── etag@1.7.0
166 silly currentTree ├── express@4.13.3
166 silly currentTree ├── finalhandler@0.4.0
166 silly currentTree ├── forwarded@0.1.0
166 silly currentTree ├── fresh@0.3.0
166 silly currentTree ├── http-errors@1.3.1
166 silly currentTree ├── iconv-lite@0.4.12
166 silly currentTree ├── inherits@2.0.1
166 silly currentTree ├── ipaddr.js@1.0.4
166 silly currentTree ├── isarray@0.0.1
166 silly currentTree ├── jquery@1.11.3
166 silly currentTree ├── media-typer@0.3.0
166 silly currentTree ├── merge-descriptors@1.0.0
166 silly currentTree ├── methods@1.1.1
166 silly currentTree ├── mime-db@1.20.0
166 silly currentTree ├── mime-types@2.1.8
166 silly currentTree ├── mime@1.3.4
166 silly currentTree ├── mongodb-core@1.2.28
166 silly currentTree ├── mongodb@2.0.52
166 silly currentTree ├── ms@0.7.1
166 silly currentTree ├── negotiator@0.5.3
166 silly currentTree ├── on-finished@2.3.0
166 silly currentTree ├── parseurl@1.3.0
166 silly currentTree ├── path-to-regexp@0.1.7
166 silly currentTree ├── proxy-addr@1.0.9
166 silly currentTree ├── q@0.9.7
166 silly currentTree ├── qs@4.0.0
166 silly currentTree ├── range-parser@1.0.3
166 silly currentTree ├─┬ raw-body@2.1.5
166 silly currentTree │ ├── bytes@2.2.0
166 silly currentTree │ └── iconv-lite@0.4.13
166 silly currentTree ├── readable-stream@1.0.31
166 silly currentTree ├── requestify@0.1.17
166 silly currentTree ├── send@0.13.0
166 silly currentTree ├── serve-static@1.10.0
166 silly currentTree ├── statuses@1.2.1
166 silly currentTree ├── string_decoder@0.10.31
166 silly currentTree ├── type-is@1.6.10
166 silly currentTree ├── underscore@1.4.4
166 silly currentTree ├── unpipe@1.0.0
166 silly currentTree ├── util@0.10.3
166 silly currentTree ├── utils-merge@1.0.0
166 silly currentTree └── vary@1.0.1
167 silly idealTree test@1.0.0
167 silly idealTree ├── accepts@1.2.13
167 silly idealTree ├── array-flatten@1.1.1
167 silly idealTree ├── assert@1.3.0
167 silly idealTree ├─┬ body-parser@1.14.1
167 silly idealTree │ ├── depd@1.1.0
167 silly idealTree │ └── qs@5.1.0
167 silly idealTree ├── bson@0.4.20
167 silly idealTree ├── bytes@2.1.0
167 silly idealTree ├── content-disposition@0.5.0
167 silly idealTree ├── content-type@1.0.1
167 silly idealTree ├── cookie-signature@1.0.6
167 silly idealTree ├── cookie@0.1.3
167 silly idealTree ├── core-util-is@1.0.2
167 silly idealTree ├── debug@2.2.0
167 silly idealTree ├── depd@1.0.1
167 silly idealTree ├── desktop.ini
167 silly idealTree ├── destroy@1.0.3
167 silly idealTree ├── ee-first@1.1.1
167 silly idealTree ├── es6-promise@2.1.1
167 silly idealTree ├── escape-html@1.0.2
167 silly idealTree ├── etag@1.7.0
167 silly idealTree ├── express@4.13.3
167 silly idealTree ├── finalhandler@0.4.0
167 silly idealTree ├── forwarded@0.1.0
167 silly idealTree ├── fresh@0.3.0
167 silly idealTree ├── http-errors@1.3.1
167 silly idealTree ├── iconv-lite@0.4.12
167 silly idealTree ├── inherits@2.0.1
167 silly idealTree ├── ipaddr.js@1.0.4
167 silly idealTree ├── isarray@0.0.1
167 silly idealTree ├── jquery@1.11.3
167 silly idealTree ├── media-typer@0.3.0
167 silly idealTree ├── merge-descriptors@1.0.0
167 silly idealTree ├── methods@1.1.1
167 silly idealTree ├── mime-db@1.20.0
167 silly idealTree ├── mime-types@2.1.8
167 silly idealTree ├── mime@1.3.4
167 silly idealTree ├── mongodb-core@1.2.28
167 silly idealTree ├── mongodb@2.0.52
167 silly idealTree ├── ms@0.7.1
167 silly idealTree ├── negotiator@0.5.3
167 silly idealTree ├── on-finished@2.3.0
167 silly idealTree ├── parseurl@1.3.0
167 silly idealTree ├── path-to-regexp@0.1.7
167 silly idealTree ├── proxy-addr@1.0.9
167 silly idealTree ├── q@0.9.7
167 silly idealTree ├── qs@4.0.0
167 silly idealTree ├── range-parser@1.0.3
167 silly idealTree ├─┬ raw-body@2.1.5
167 silly idealTree │ ├── bytes@2.2.0
167 silly idealTree │ └── iconv-lite@0.4.13
167 silly idealTree ├── readable-stream@1.0.31
167 silly idealTree ├── requestify@0.1.17
167 silly idealTree ├── send@0.13.0
167 silly idealTree ├── serve-static@1.10.0
167 silly idealTree ├── statuses@1.2.1
167 silly idealTree ├── string_decoder@0.10.31
167 silly idealTree ├── type-is@1.6.10
167 silly idealTree ├── underscore@1.4.4
167 silly idealTree ├── unpipe@1.0.0
167 silly idealTree ├── util@0.10.3
167 silly idealTree ├── utils-merge@1.0.0
167 silly idealTree └── vary@1.0.1
168 silly generateActionsToTake Starting
169 silly install generateActionsToTake
170 silly generateActionsToTake Finishing
171 silly diffTrees action count 1
172 silly diffTrees update requestify@0.1.17
173 silly decomposeActions action count 8
174 silly decomposeActions fetch requestify@0.1.17
175 silly decomposeActions extract requestify@0.1.17
176 silly decomposeActions preinstall requestify@0.1.17
177 silly decomposeActions build requestify@0.1.17
178 silly decomposeActions install requestify@0.1.17
179 silly decomposeActions postinstall requestify@0.1.17
180 silly decomposeActions test requestify@0.1.17
181 silly decomposeActions finalize requestify@0.1.17
182 silly executeActions Starting
183 silly install executeActions
184 silly doSerial global-install 0
185 silly doParallel fetch 1
186 verbose lock using C:\Users\Tyler\AppData\Roaming\npm-cache\_locks\staging-96202937ffb97b8b.lock for C:\Users\Tyler\Google Drive\2015-2016 Prospect App\Daniel, Olivia, Ryan, Tyler Team\nodejs server\node_modules\.staging
187 verbose unlock done using C:\Users\Tyler\AppData\Roaming\npm-cache\_locks\staging-96202937ffb97b8b.lock for C:\Users\Tyler\Google Drive\2015-2016 Prospect App\Daniel, Olivia, Ryan, Tyler Team\nodejs server\node_modules\.staging
188 silly rollbackFailedOptional Starting
189 silly rollbackFailedOptional Finishing
190 silly runTopLevelLifecycles Starting
191 silly runTopLevelLifecycles Finishing
192 silly install printInstalled
193 warn ENOENT ENOENT: no such file or directory, open 'C:\Users\Tyler\Google Drive\2015-2016 Prospect App\Daniel, Olivia, Ryan, Tyler Team\nodejs server\node_modules\desktop.ini\package.json'
194 warn EPEERINVALID mongodb-core@1.2.28 requires a peer of kerberos@~0.0 but none was installed.
195 warn EPACKAGEJSON test@1.0.0 No repository field.
196 verbose stack Error: EPERM: operation not permitted, rmdir 'C:\Users\Tyler\Google Drive\2015-2016 Prospect App\Daniel, Olivia, Ryan, Tyler Team\nodejs server\node_modules\.staging'
196 verbose stack     at Error (native)
197 verbose cwd C:\Users\Tyler\Google Drive\2015-2016 Prospect App\Daniel, Olivia, Ryan, Tyler Team\nodejs server
198 error Windows_NT 10.0.10240
199 error argv "C:\\Program Files\\nodejs\\node.exe" "C:\\Program Files\\nodejs\\node_modules\\npm\\bin\\npm-cli.js" "install" "requestify"
200 error node v5.1.1
201 error npm  v3.3.12
202 error path C:\Users\Tyler\Google Drive\2015-2016 Prospect App\Daniel, Olivia, Ryan, Tyler Team\nodejs server\node_modules\.staging
203 error code EPERM
204 error errno -4048
205 error syscall rmdir
206 error Error: EPERM: operation not permitted, rmdir 'C:\Users\Tyler\Google Drive\2015-2016 Prospect App\Daniel, Olivia, Ryan, Tyler Team\nodejs server\node_modules\.staging'
206 error     at Error (native)
206 error  { [Error: EPERM: operation not permitted, rmdir 'C:\Users\Tyler\Google Drive\2015-2016 Prospect App\Daniel, Olivia, Ryan, Tyler Team\nodejs server\node_modules\.staging']
206 error   errno: -4048,
206 error   code: 'EPERM',
206 error   syscall: 'rmdir',
206 error   path: 'C:\\Users\\Tyler\\Google Drive\\2015-2016 Prospect App\\Daniel, Olivia, Ryan, Tyler Team\\nodejs server\\node_modules\\.staging' }
207 error Please try running this command again as root/Administrator.
208 verbose exit [ -4048, true ]
